0 5
0 7
0 8
0 9
0 25
0 28
0 31
0 34
0 39
0 43
0 52
0 54
0 56
0 57
0 58
0 65
0 67
0 71
0 73
0 75
0 83
0 85
0 92
0 95
1 15
1 20
1 24
1 27
1 31
1 32
1 46
1 56
1 57
1 61
1 64
1 67
1 73
1 79
1 80
1 95
2 4
2 16
2 23
2 35
2 37
2 41
3 2
3 4
3 7
3 15
3 20
3 21
3 24
3 25
3 26
3 32
3 39
3 42
3 47
3 53
3 57
3 61
3 68
3 70
3 80
3 81
3 83
3 86
4 47
4 77
4 89
4 90
5 7
5 13
5 19
5 27
5 28
5 37
5 42
5 48
5 53
5 54
5 55
5 58
5 61
5 63
5 68
5 73
5 91
5 98
7 22
7 23
7 27
7 29
7 31
7 33
7 40
7 44
7 51
7 57
7 64
7 73
7 74
7 77
7 80
7 93
8 4
8 19
8 20
8 23
8 24
8 27
8 43
8 49
8 56
8 72
8 77
8 79
9 4
9 14
9 26
9 32
9 38
9 41
9 43
9 46
9 48
9 58
9 60
9 63
9 68
9 70
9 78
9 80
10 22
10 23
10 36
10 37
11 2
11 15
11 34
11 35
11 40
11 44
11 52
11 56
11 57
11 73
11 75
11 76
11 78
11 83
11 84
11 99
12 5
12 8
12 14
12 15
12 17
12 21
12 24
12 30
12 31
12 35
12 49
12 54
12 63
12 66
12 81
12 83
12 91
12 95
14 13
14 24
14 30
14 31
14 41
14 44
14 49
14 58
14 59
14 68
14 74
14 76
14 80
14 83
14 85
14 99
15 13
15 17
15 31
15 39
15 41
15 54
15 55
15 57
15 67
15 70
15 75
15 79
15 82
15 85
15 86
15 95
16 33
16 51
16 72
16 98
17 4
17 5
17 13
17 16
17 26
17 30
17 31
17 33
17 43
17 44
17 46
17 47
17 50
17 51
17 52
17 57
17 58
17 61
17 64
17 67
17 75
17 77
17 85
17 86
17 96
17 98
18 0
18 1
18 3
18 9
18 11
18 12
18 14
18 15
18 17
18 21
18 34
18 38
18 50
18 52
18 59
18 60
18 65
18 66
18 69
18 70
18 76
18 78
18 82
18 83
18 85
18 86
18 87
18 92
18 94
18 96
20 32
20 36
20 37
20 40
20 51
20 74
21 7
21 10
21 22
21 28
21 29
21 39
21 44
21 45
21 47
21 50
21 51
21 57
21 62
21 63
21 65
21 68
21 73
21 79
21 83
21 85
21 89
21 92
22 6
22 62
22 72
22 93
23 37
23 62
24 23
24 27
24 63
24 84
24 89
24 93
25 28
25 36
25 37
25 42
25 71
25 74
25 79
25 80
25 88
25 91
26 10
26 16
26 42
26 44
26 47
26 53
26 81
26 84
26 88
26 90
27 6
27 30
27 41
27 53
27 55
27 68
27 74
27 77
27 81
27 98
28 13
28 31
28 41
28 43
28 49
28 53
28 56
28 62
28 63
28 64
28 67
28 71
28 75
28 79
28 88
28 90
28 91
28 95
29 6
29 62
29 89
29 90
30 10
30 13
30 22
30 36
30 49
30 88
31 4
31 10
31 13
31 23
31 30
31 37
31 42
31 44
31 57
31 64
31 67
31 74
31 84
31 89
31 95
31 98
32 23
32 36
32 51
32 55
32 72
32 74
32 79
32 80
32 89
32 91
34 2
34 5
34 10
34 16
34 20
34 24
34 25
34 32
34 36
34 40
34 50
34 55
34 59
34 69
34 70
34 74
34 90
34 91
34 92
34 95
35 19
35 40
35 55
35 62
35 74
35 88
36 6
36 72
37 36
37 85
38 10
38 28
38 44
38 46
38 49
38 64
38 65
38 68
38 74
38 75
38 80
38 82
38 84
38 94
39 2
39 30
39 40
39 51
39 54
39 56
39 61
39 63
39 64
39 72
39 93
39 97
40 19
40 23
40 30
40 33
40 36
40 45
40 55
40 74
40 77
40 89
41 6
41 13
41 19
41 23
41 30
41 37
41 49
41 55
41 62
41 88
41 89
41 93
42 6
42 45
42 47
42 48
42 49
42 62
43 2
43 19
43 24
43 48
43 49
43 54
43 55
43 68
43 72
43 73
43 79
43 88
44 13
44 51
44 88
44 89
45 37
45 62
45 89
45 93
46 4
46 26
46 33
46 49
46 51
46 55
46 64
46 68
46 77
46 79
46 81
46 90
47 6
47 29
47 36
47 49
47 81
47 88
48 29
48 30
48 44
48 74
48 84
48 93
49 6
49 23
49 55
49 72
50 5
50 7
50 10
50 19
50 33
50 35
50 42
50 49
50 54
50 57
50 59
50 68
50 69
50 70
50 75
50 82
50 91
50 93
51 36
51 62
52 5
52 7
52 10
52 20
52 23
52 27
52 29
52 36
52 39
52 40
52 57
52 59
52 71
52 79
52 82
52 91
52 93
52 99
53 16
53 30
53 35
53 36
53 49
53 84
54 2
54 4
54 20
54 22
54 26
54 27
54 29
54 32
54 46
54 47
54 63
54 93
55 22
55 37
56 19
56 24
56 26
56 32
56 40
56 44
56 51
56 53
56 63
56 67
56 84
56 89
57 6
57 30
57 33
57 36
57 40
57 41
57 47
57 48
57 63
57 67
57 71
57 72
57 75
57 79
57 81
57 89
58 4
58 16
58 27
58 46
58 47
58 62
58 84
58 91
59 19
59 24
59 25
59 32
59 37
59 40
59 45
59 46
59 53
59 66
59 68
59 71
59 72
59 73
59 76
59 80
59 83
59 88
60 22
60 35
60 41
60 46
60 47
60 53
60 64
60 69
60 85
60 91
61 19
61 33
61 36
61 40
61 44
61 47
61 48
61 68
63 16
63 93
64 40
64 77
64 84
64 89
65 5
65 8
65 19
65 22
65 28
65 30
65 31
65 46
65 49
65 62
65 69
65 73
65 80
65 81
66 7
66 13
66 25
66 28
66 48
66 57
66 58
66 64
66 73
66 74
66 75
66 78
66 84
66 90
66 93
66 94
66 96
66 99
67 4
67 6
67 53
67 95
68 23
68 33
68 37
68 55
68 62
68 72
68 77
68 81
68 84
68 91
69 2
69 10
69 27
69 40
69 43
69 46
69 48
69 53
69 57
69 62
69 63
69 72
69 80
69 81
69 83
69 88
70 13
70 23
70 24
70 42
70 43
70 47
70 53
70 54
70 58
70 72
70 73
70 81
70 96
70 97
70 98
70 99
71 16
71 20
71 26
71 27
71 35
71 63
71 84
71 90
73 22
73 35
73 46
73 51
73 53
73 62
73 64
73 74
73 75
73 77
73 81
73 84
73 90
73 93
74 23
74 62
75 16
75 24
75 32
75 33
75 36
75 47
75 49
75 62
75 81
75 88
75 95
75 97
76 5
76 6
76 24
76 31
76 32
76 36
76 43
76 45
76 46
76 49
76 53
76 54
76 67
76 73
76 75
76 94
77 2
77 42
77 80
77 81
78 13
78 19
78 22
78 23
78 24
78 27
78 28
78 32
78 39
78 40
78 49
78 53
78 58
78 62
78 63
78 64
78 67
78 68
78 74
78 86
78 94
78 95
79 44
79 45
79 72
79 80
80 2
80 13
80 22
80 23
80 29
80 45
80 47
80 51
80 63
80 72
81 16
81 19
81 36
81 44
81 91
81 95
82 22
82 33
82 35
82 39
82 40
82 51
82 56
82 63
82 71
82 85
83 6
83 16
83 20
83 25
83 32
83 33
83 35
83 36
83 49
83 51
83 63
83 73
83 74
83 85
84 16
84 22
84 30
84 72
85 4
85 16
85 20
85 24
85 29
85 30
85 39
85 41
85 43
85 48
85 49
85 53
85 54
85 65
85 71
85 80
85 81
85 88
85 94
85 99
86 7
86 23
86 25
86 26
86 39
86 47
86 53
86 56
86 61
86 63
86 71
86 75
86 79
86 88
87 23
87 24
87 49
87 54
87 58
87 88
87 97
87 99
88 10
88 83
89 6
89 23
90 23
90 35
90 37
90 51
90 53
90 74
91 4
91 9
91 10
91 30
91 51
91 61
91 62
91 77
91 86
91 98
92 13
92 16
92 24
92 29
92 32
92 33
92 62
92 79
92 91
92 93
92 97
92 99
93 13
93 49
93 90
93 96
94 3
94 4
94 13
94 16
94 24
94 25
94 28
94 49
94 64
94 71
94 73
94 74
94 75
94 89
95 4
95 23
95 30
95 35
95 36
95 37
95 43
95 45
95 79
95 82
96 28
96 31
96 35
96 41
96 42
96 54
96 58
96 60
96 62
96 68
96 69
96 76
96 80
96 84
97 0
97 7
97 15
97 23
97 35
97 37
97 42
97 48
97 58
97 63
97 64
97 74
97 80
97 91
97 93
97 98
98 20
98 21
98 23
98 36
98 41
98 44
98 47
98 48
98 50
98 59
98 68
98 71
98 73
98 78
99 2
99 12
99 17
99 18
99 19
99 22
99 23
99 24
99 31
99 43
99 48
99 51
99 57
99 61
99 67
99 77
99 90
99 98
